
Showing logs for build [32mcb-kubecd-environment-pr-191-12-26454-1[0m stage [32mfrom-build-pack[0m and container [32mstep-credential-initializer-r6npx[0m
{"level":"warn","ts":1585501775.3198092,"logger":"fallback-logger","caller":"logging/config.go:69","msg":"Fetch GitHub commit ID from kodata failed: \"ref: refs/heads/0.8.0-**-support-backwards-incompats\" is not a valid GitHub commit ID"}
{"level":"info","ts":1585501775.320795,"logger":"fallback-logger","caller":"creds-init/main.go:40","msg":"Credentials initialized."}

Showing logs for build [32mcb-kubecd-environment-pr-191-12-26454-1[0m stage [32mfrom-build-pack[0m and container [32mstep-working-dir-initializer-ps4zg[0m
{"level":"warn","ts":1585501775.9825754,"logger":"fallback-logger","caller":"logging/config.go:69","msg":"Fetch GitHub commit ID from kodata failed: open /var/run/ko/HEAD: no such file or directory"}
{"level":"info","ts":1585501775.9852474,"logger":"fallback-logger","caller":"bash/main.go:64","msg":"Successfully executed command \"sh -c mkdir -p /workspace/source\"; output "}

Showing logs for build [32mcb-kubecd-environment-pr-191-12-26454-1[0m stage [32mfrom-build-pack[0m and container [32mstep-place-tools[0m

Showing logs for build [32mcb-kubecd-environment-pr-191-12-26454-1[0m stage [32mfrom-build-pack[0m and container [32mstep-git-source-cb-kubecd-environment-pr-191-12-26454-dsdxx[0m
{"level":"warn","ts":1585501780.1656175,"logger":"fallback-logger","caller":"logging/config.go:69","msg":"Fetch GitHub commit ID from kodata failed: \"ref: refs/heads/0.8.0-**-support-backwards-incompats\" is not a valid GitHub commit ID"}
{"level":"info","ts":1585501781.3102686,"logger":"fallback-logger","caller":"git/git.go:103","msg":"Successfully cloned https://github.com/cb-kubecd/environment-pr-191-125-boot-gke-staging.git @ master in path /workspace/source"}

Showing logs for build [32mcb-kubecd-environment-pr-191-12-26454-1[0m stage [32mfrom-build-pack[0m and container [32mstep-git-merge[0m
Using SHAs from PULL_REFS=master:fcdc85b6fa53b9004220a615ba781fa0d2f2f026,4:43ba35fb25ae0265c7c04b92c2d3238b7edd7e50
DEBUG: LC_ALL=C JX_LOG_LEVEL=error git fetch origin --unshallow 43ba35fb25ae0265c7c04b92c2d3238b7edd7e50: fcdc85b6fa53b9004220a615ba781fa0d2f2f026:
DEBUG: ran git fetch --unshallow origin 43ba35fb25ae0265c7c04b92c2d3238b7edd7e50: fcdc85b6fa53b9004220a615ba781fa0d2f2f026: in 
DEBUG: JX_LOG_LEVEL=error LC_ALL=C git branch
DEBUG: LC_ALL=C JX_LOG_LEVEL=error git checkout master
DEBUG: ran git checkout master in 
DEBUG: JX_LOG_LEVEL=error LC_ALL=C git reset --hard fcdc85b6fa53b9004220a615ba781fa0d2f2f026
DEBUG: ran git reset --hard fcdc85b6fa53b9004220a615ba781fa0d2f2f026 in 
DEBUG: LC_ALL=C JX_LOG_LEVEL=error git clean -fd .
DEBUG: ran clean --force -d . in 
DEBUG: LC_ALL=C JX_LOG_LEVEL=error git merge 43ba35fb25ae0265c7c04b92c2d3238b7edd7e50
DEBUG: ran git merge 43ba35fb25ae0265c7c04b92c2d3238b7edd7e50 in 
DEBUG: LC_ALL=C JX_LOG_LEVEL=error git log --format=%H%x1f%an%x1f%ae%x1f%cn%x1f%ce%x1f%s%n%b%x1e fcdc85b6fa53b9004220a615ba781fa0d2f2f026..HEAD
Merged SHA 43ba35fb25ae0265c7c04b92c2d3238b7edd7e50 with commit message 'chore: Promote bdd-nh-1585500187 to version 0.0.1' into base branch master

Showing logs for build [32mcb-kubecd-environment-pr-191-12-26454-1[0m stage [32mfrom-build-pack[0m and container [32mstep-build-helm-build[0m
WARNING: No $CHART_REPOSITORY defined so using the default value of: http://jenkins-x-chartmuseum:8080
Adding missing Helm repo: storage.googleapis.com https://storage.googleapis.com/chartmuseum.jenkins-x.io
WARNING: No secrets found on "helm/repos" due: reading the secret "helm/repos" from vault: no secret "helm/repos" not found in vault
Read credentials for https://storage.googleapis.com/chartmuseum.jenkins-x.io from vault helm/repos
Successfully added Helm repository storage.googleapis.com.
Adding missing Helm repo: jenkins-x-chartmuseum http://jenkins-x-chartmuseum:8080
WARNING: No secrets found on "helm/repos" due: reading the secret "helm/repos" from vault: no secret "helm/repos" not found in vault
Read credentials for http://jenkins-x-chartmuseum:8080 from vault helm/repos
Successfully added Helm repository jenkins-x-chartmuseum.
WARNING: No $CHART_REPOSITORY defined so using the default value of: http://jenkins-x-chartmuseum:8080
Adding missing Helm repo: chartmuseum.jenkins-x.io http://chartmuseum.jenkins-x.io
WARNING: No secrets found on "helm/repos" due: reading the secret "helm/repos" from vault: no secret "helm/repos" not found in vault
Read credentials for http://chartmuseum.jenkins-x.io from vault helm/repos
Successfully added Helm repository chartmuseum.jenkins-x.io.
